[2022-06-02T11:23:08.940Z] Validating found git in: git
[2022-06-02T11:23:08.962Z] Using git 2.20.1 from git
[2022-06-02T11:23:08.978Z] > git rev-parse --git-dir [1ms]
[2022-06-02T11:23:08.984Z] Open repository: /home/labredes/Documentos/Tutorial3/buildroot
[2022-06-02T11:23:09.052Z] > git symbolic-ref --short HEAD [1ms]
[2022-06-02T11:23:09.057Z] > git for-each-ref --format=%(refname)%00%(upstream:short)%00%(objectname)%00%(upstream:track) refs/heads/master refs/remotes/master [2ms]
[2022-06-02T11:23:09.066Z] > git remote --verbose [2ms]
[2022-06-02T11:23:09.066Z] > git for-each-ref --sort -committerdate --format %(refname) %(objectname) %(*objectname) [5ms]
[2022-06-02T11:23:09.165Z] > git config --get commit.template [82ms]
[2022-06-02T11:23:11.747Z] > git ls-files --stage -- /home/labredes/Documentos/Tutorial3/buildroot/custom-scripts/threadrunner/thread_runner.c [3ms]
[2022-06-02T11:23:12.351Z] > git ls-files --stage -- /home/labredes/Documentos/Tutorial3/buildroot/custom-scripts/threadrunner/Makefile [2ms]
[2022-06-02T11:23:14.380Z] > git ls-files --stage -- /home/labredes/Documentos/Tutorial3/buildroot/custom-scripts/threadrunner/thread_runner.c [4ms]
[2022-06-02T11:51:12.210Z] > git symbolic-ref --short HEAD [1ms]
[2022-06-02T11:51:12.214Z] > git for-each-ref --format=%(refname)%00%(upstream:short)%00%(objectname)%00%(upstream:track) refs/heads/master refs/remotes/master [1ms]
[2022-06-02T11:51:12.221Z] > git for-each-ref --sort -committerdate --format %(refname) %(objectname) %(*objectname) [4ms]
[2022-06-02T11:51:12.221Z] > git remote --verbose [1ms]
[2022-06-02T11:51:12.232Z] > git config --get commit.template [1ms]
[2022-06-02T11:52:49.695Z] > git symbolic-ref --short HEAD [1ms]
[2022-06-02T11:52:49.700Z] > git for-each-ref --format=%(refname)%00%(upstream:short)%00%(objectname)%00%(upstream:track) refs/heads/master refs/remotes/master [1ms]
[2022-06-02T11:52:49.708Z] > git for-each-ref --sort -committerdate --format %(refname) %(objectname) %(*objectname) [4ms]
[2022-06-02T11:52:49.709Z] > git remote --verbose [2ms]
[2022-06-02T11:52:49.724Z] > git config --get commit.template [1ms]
[2022-06-02T11:52:54.780Z] > git symbolic-ref --short HEAD [1ms]
[2022-06-02T11:52:54.784Z] > git for-each-ref --format=%(refname)%00%(upstream:short)%00%(objectname)%00%(upstream:track) refs/heads/master refs/remotes/master [1ms]
[2022-06-02T11:52:54.791Z] > git for-each-ref --sort -committerdate --format %(refname) %(objectname) %(*objectname) [4ms]
[2022-06-02T11:52:54.791Z] > git remote --verbose [1ms]
[2022-06-02T11:52:54.801Z] > git config --get commit.template [1ms]
[2022-06-02T11:53:16.979Z] > git symbolic-ref --short HEAD [1ms]
[2022-06-02T11:53:16.984Z] > git for-each-ref --format=%(refname)%00%(upstream:short)%00%(objectname)%00%(upstream:track) refs/heads/master refs/remotes/master [1ms]
[2022-06-02T11:53:16.991Z] > git for-each-ref --sort -committerdate --format %(refname) %(objectname) %(*objectname) [3ms]
[2022-06-02T11:53:16.992Z] > git remote --verbose [2ms]
[2022-06-02T11:53:17.001Z] > git config --get commit.template [1ms]
[2022-06-02T11:53:59.339Z] > git symbolic-ref --short HEAD [1ms]
[2022-06-02T11:53:59.344Z] > git for-each-ref --format=%(refname)%00%(upstream:short)%00%(objectname)%00%(upstream:track) refs/heads/master refs/remotes/master [1ms]
[2022-06-02T11:53:59.352Z] > git for-each-ref --sort -committerdate --format %(refname) %(objectname) %(*objectname) [4ms]
[2022-06-02T11:53:59.353Z] > git remote --verbose [2ms]
[2022-06-02T11:53:59.362Z] > git config --get commit.template [1ms]
[2022-06-02T11:54:07.092Z] > git symbolic-ref --short HEAD [1ms]
[2022-06-02T11:54:07.097Z] > git for-each-ref --format=%(refname)%00%(upstream:short)%00%(objectname)%00%(upstream:track) refs/heads/master refs/remotes/master [1ms]
[2022-06-02T11:54:07.104Z] > git for-each-ref --sort -committerdate --format %(refname) %(objectname) %(*objectname) [4ms]
[2022-06-02T11:54:07.104Z] > git remote --verbose [1ms]
[2022-06-02T11:54:07.113Z] > git config --get commit.template [1ms]
[2022-06-02T11:54:16.294Z] > git symbolic-ref --short HEAD [1ms]
[2022-06-02T11:54:16.298Z] > git for-each-ref --format=%(refname)%00%(upstream:short)%00%(objectname)%00%(upstream:track) refs/heads/master refs/remotes/master [1ms]
[2022-06-02T11:54:16.305Z] > git for-each-ref --sort -committerdate --format %(refname) %(objectname) %(*objectname) [3ms]
[2022-06-02T11:54:16.305Z] > git remote --verbose [1ms]
[2022-06-02T11:54:16.315Z] > git config --get commit.template [2ms]
[2022-06-02T11:54:27.479Z] > git symbolic-ref --short HEAD [1ms]
[2022-06-02T11:54:27.483Z] > git for-each-ref --format=%(refname)%00%(upstream:short)%00%(objectname)%00%(upstream:track) refs/heads/master refs/remotes/master [1ms]
[2022-06-02T11:54:27.490Z] > git for-each-ref --sort -committerdate --format %(refname) %(objectname) %(*objectname) [4ms]
[2022-06-02T11:54:27.490Z] > git remote --verbose [1ms]
[2022-06-02T11:54:27.500Z] > git config --get commit.template [1ms]
[2022-06-02T11:57:49.264Z] > git symbolic-ref --short HEAD [1ms]
[2022-06-02T11:57:49.269Z] > git for-each-ref --format=%(refname)%00%(upstream:short)%00%(objectname)%00%(upstream:track) refs/heads/master refs/remotes/master [1ms]
[2022-06-02T11:57:49.278Z] > git for-each-ref --sort -committerdate --format %(refname) %(objectname) %(*objectname) [5ms]
[2022-06-02T11:57:49.279Z] > git remote --verbose [2ms]
[2022-06-02T11:57:49.287Z] > git config --get commit.template [1ms]
[2022-06-02T11:58:09.612Z] > git symbolic-ref --short HEAD [1ms]
[2022-06-02T11:58:09.618Z] > git for-each-ref --format=%(refname)%00%(upstream:short)%00%(objectname)%00%(upstream:track) refs/heads/master refs/remotes/master [1ms]
[2022-06-02T11:58:09.627Z] > git for-each-ref --sort -committerdate --format %(refname) %(objectname) %(*objectname) [5ms]
[2022-06-02T11:58:09.627Z] > git remote --verbose [1ms]
[2022-06-02T11:58:09.636Z] > git config --get commit.template [1ms]
[2022-06-02T11:59:15.634Z] > git symbolic-ref --short HEAD [1ms]
[2022-06-02T11:59:15.639Z] > git for-each-ref --format=%(refname)%00%(upstream:short)%00%(objectname)%00%(upstream:track) refs/heads/master refs/remotes/master [1ms]
[2022-06-02T11:59:15.645Z] > git for-each-ref --sort -committerdate --format %(refname) %(objectname) %(*objectname) [3ms]
[2022-06-02T11:59:15.646Z] > git remote --verbose [1ms]
[2022-06-02T11:59:15.656Z] > git config --get commit.template [0ms]
[2022-06-02T11:59:20.716Z] > git symbolic-ref --short HEAD [1ms]
[2022-06-02T11:59:20.721Z] > git for-each-ref --format=%(refname)%00%(upstream:short)%00%(objectname)%00%(upstream:track) refs/heads/master refs/remotes/master [1ms]
[2022-06-02T11:59:20.729Z] > git for-each-ref --sort -committerdate --format %(refname) %(objectname) %(*objectname) [4ms]
[2022-06-02T11:59:20.730Z] > git remote --verbose [2ms]
[2022-06-02T11:59:20.739Z] > git config --get commit.template [1ms]
[2022-06-02T11:59:25.792Z] > git symbolic-ref --short HEAD [1ms]
[2022-06-02T11:59:25.797Z] > git for-each-ref --format=%(refname)%00%(upstream:short)%00%(objectname)%00%(upstream:track) refs/heads/master refs/remotes/master [1ms]
[2022-06-02T11:59:25.806Z] > git for-each-ref --sort -committerdate --format %(refname) %(objectname) %(*objectname) [5ms]
[2022-06-02T11:59:25.806Z] > git remote --verbose [1ms]
[2022-06-02T11:59:25.815Z] > git config --get commit.template [1ms]
[2022-06-02T11:59:36.113Z] > git symbolic-ref --short HEAD [1ms]
[2022-06-02T11:59:36.118Z] > git for-each-ref --format=%(refname)%00%(upstream:short)%00%(objectname)%00%(upstream:track) refs/heads/master refs/remotes/master [2ms]
[2022-06-02T11:59:36.125Z] > git for-each-ref --sort -committerdate --format %(refname) %(objectname) %(*objectname) [4ms]
[2022-06-02T11:59:36.126Z] > git remote --verbose [1ms]
[2022-06-02T11:59:36.136Z] > git config --get commit.template [1ms]
[2022-06-02T12:01:19.221Z] > git symbolic-ref --short HEAD [1ms]
[2022-06-02T12:01:19.225Z] > git for-each-ref --format=%(refname)%00%(upstream:short)%00%(objectname)%00%(upstream:track) refs/heads/master refs/remotes/master [1ms]
[2022-06-02T12:01:19.231Z] > git for-each-ref --sort -committerdate --format %(refname) %(objectname) %(*objectname) [3ms]
[2022-06-02T12:01:19.232Z] > git remote --verbose [2ms]
[2022-06-02T12:01:19.240Z] > git config --get commit.template [1ms]
[2022-06-02T12:01:45.654Z] > git ls-files --stage -- /home/labredes/Documentos/Tutorial3/buildroot/custom-scripts/threadrunner/teste.c [5ms]
[2022-06-02T12:01:46.444Z] > git symbolic-ref --short HEAD [1ms]
[2022-06-02T12:01:46.449Z] > git for-each-ref --format=%(refname)%00%(upstream:short)%00%(objectname)%00%(upstream:track) refs/heads/master refs/remotes/master [2ms]
[2022-06-02T12:01:46.456Z] > git for-each-ref --sort -committerdate --format %(refname) %(objectname) %(*objectname) [4ms]
[2022-06-02T12:01:46.457Z] > git remote --verbose [2ms]
[2022-06-02T12:01:46.465Z] > git config --get commit.template [0ms]
[2022-06-02T12:02:14.017Z] > git ls-files --stage -- /home/labredes/Documentos/Tutorial3/buildroot/custom-scripts/threadrunner/thread_runner.c [3ms]
[2022-06-02T12:02:22.468Z] > git ls-files --stage -- /home/labredes/Documentos/Tutorial3/buildroot/custom-scripts/threadrunner/teste.c [3ms]
[2022-06-02T12:02:25.610Z] > git ls-files --stage -- /home/labredes/Documentos/Tutorial3/buildroot/custom-scripts/threadrunner/thread_runner.c [4ms]
[2022-06-02T12:02:52.269Z] > git ls-files --stage -- /home/labredes/Documentos/Tutorial3/buildroot/custom-scripts/threadrunner/teste.c [3ms]
[2022-06-02T12:03:14.177Z] > git symbolic-ref --short HEAD [1ms]
[2022-06-02T12:03:14.181Z] > git for-each-ref --format=%(refname)%00%(upstream:short)%00%(objectname)%00%(upstream:track) refs/heads/master refs/remotes/master [1ms]
[2022-06-02T12:03:14.188Z] > git for-each-ref --sort -committerdate --format %(refname) %(objectname) %(*objectname) [4ms]
[2022-06-02T12:03:14.188Z] > git remote --verbose [1ms]
[2022-06-02T12:03:14.196Z] > git config --get commit.template [1ms]
[2022-06-02T12:03:19.253Z] > git symbolic-ref --short HEAD [2ms]
[2022-06-02T12:03:19.258Z] > git for-each-ref --format=%(refname)%00%(upstream:short)%00%(objectname)%00%(upstream:track) refs/heads/master refs/remotes/master [2ms]
[2022-06-02T12:03:19.265Z] > git for-each-ref --sort -committerdate --format %(refname) %(objectname) %(*objectname) [4ms]
[2022-06-02T12:03:19.265Z] > git remote --verbose [1ms]
[2022-06-02T12:03:19.273Z] > git config --get commit.template [1ms]
[2022-06-02T12:03:33.489Z] > git ls-files --stage -- /home/labredes/Documentos/Tutorial3/buildroot/custom-scripts/threadrunner/thread_runner.c [3ms]
[2022-06-02T12:03:38.610Z] > git ls-files --stage -- /home/labredes/Documentos/Tutorial3/buildroot/custom-scripts/threadrunner/teste.c [3ms]
[2022-06-02T12:03:40.153Z] > git symbolic-ref --short HEAD [1ms]
[2022-06-02T12:03:40.158Z] > git for-each-ref --format=%(refname)%00%(upstream:short)%00%(objectname)%00%(upstream:track) refs/heads/master refs/remotes/master [2ms]
[2022-06-02T12:03:40.165Z] > git for-each-ref --sort -committerdate --format %(refname) %(objectname) %(*objectname) [4ms]
[2022-06-02T12:03:40.165Z] > git remote --verbose [1ms]
[2022-06-02T12:03:40.175Z] > git config --get commit.template [1ms]
[2022-06-02T12:03:47.084Z] > git symbolic-ref --short HEAD [1ms]
[2022-06-02T12:03:47.088Z] > git for-each-ref --format=%(refname)%00%(upstream:short)%00%(objectname)%00%(upstream:track) refs/heads/master refs/remotes/master [1ms]
[2022-06-02T12:03:47.096Z] > git for-each-ref --sort -committerdate --format %(refname) %(objectname) %(*objectname) [5ms]
[2022-06-02T12:03:47.096Z] > git remote --verbose [1ms]
[2022-06-02T12:03:47.105Z] > git config --get commit.template [1ms]
[2022-06-02T12:04:15.552Z] > git symbolic-ref --short HEAD [1ms]
[2022-06-02T12:04:15.557Z] > git for-each-ref --format=%(refname)%00%(upstream:short)%00%(objectname)%00%(upstream:track) refs/heads/master refs/remotes/master [1ms]
[2022-06-02T12:04:15.564Z] > git for-each-ref --sort -committerdate --format %(refname) %(objectname) %(*objectname) [4ms]
[2022-06-02T12:04:15.564Z] > git remote --verbose [1ms]
[2022-06-02T12:04:15.572Z] > git config --get commit.template [1ms]
[2022-06-02T12:04:20.630Z] > git symbolic-ref --short HEAD [1ms]
[2022-06-02T12:04:20.634Z] > git for-each-ref --format=%(refname)%00%(upstream:short)%00%(objectname)%00%(upstream:track) refs/heads/master refs/remotes/master [1ms]
[2022-06-02T12:04:20.642Z] > git remote --verbose [1ms]
[2022-06-02T12:04:20.642Z] > git for-each-ref --sort -committerdate --format %(refname) %(objectname) %(*objectname) [4ms]
[2022-06-02T12:04:20.650Z] > git config --get commit.template [1ms]
[2022-06-02T12:04:21.218Z] > git ls-files --stage -- /home/labredes/Documentos/Tutorial3/buildroot/custom-scripts/threadrunner/thread_runner.c [3ms]
[2022-06-02T12:05:01.632Z] > git symbolic-ref --short HEAD [1ms]
[2022-06-02T12:05:01.636Z] > git for-each-ref --format=%(refname)%00%(upstream:short)%00%(objectname)%00%(upstream:track) refs/heads/master refs/remotes/master [1ms]
[2022-06-02T12:05:01.644Z] > git for-each-ref --sort -committerdate --format %(refname) %(objectname) %(*objectname) [3ms]
[2022-06-02T12:05:01.644Z] > git remote --verbose [1ms]
[2022-06-02T12:05:01.653Z] > git config --get commit.template [1ms]
[2022-06-02T12:05:10.676Z] > git symbolic-ref --short HEAD [1ms]
[2022-06-02T12:05:10.680Z] > git for-each-ref --format=%(refname)%00%(upstream:short)%00%(objectname)%00%(upstream:track) refs/heads/master refs/remotes/master [1ms]
[2022-06-02T12:05:10.687Z] > git for-each-ref --sort -committerdate --format %(refname) %(objectname) %(*objectname) [4ms]
[2022-06-02T12:05:10.688Z] > git remote --verbose [2ms]
[2022-06-02T12:05:10.697Z] > git config --get commit.template [1ms]
[2022-06-02T12:07:50.300Z] > git symbolic-ref --short HEAD [1ms]
[2022-06-02T12:07:50.304Z] > git for-each-ref --format=%(refname)%00%(upstream:short)%00%(objectname)%00%(upstream:track) refs/heads/master refs/remotes/master [1ms]
[2022-06-02T12:07:50.311Z] > git for-each-ref --sort -committerdate --format %(refname) %(objectname) %(*objectname) [4ms]
[2022-06-02T12:07:50.311Z] > git remote --verbose [1ms]
[2022-06-02T12:07:50.320Z] > git config --get commit.template [1ms]
[2022-06-02T12:07:55.382Z] > git symbolic-ref --short HEAD [1ms]
[2022-06-02T12:07:55.386Z] > git for-each-ref --format=%(refname)%00%(upstream:short)%00%(objectname)%00%(upstream:track) refs/heads/master refs/remotes/master [1ms]
[2022-06-02T12:07:55.393Z] > git for-each-ref --sort -committerdate --format %(refname) %(objectname) %(*objectname) [4ms]
[2022-06-02T12:07:55.394Z] > git remote --verbose [2ms]
[2022-06-02T12:07:55.402Z] > git config --get commit.template [1ms]
[2022-06-02T12:08:24.985Z] > git symbolic-ref --short HEAD [1ms]
[2022-06-02T12:08:24.990Z] > git for-each-ref --format=%(refname)%00%(upstream:short)%00%(objectname)%00%(upstream:track) refs/heads/master refs/remotes/master [1ms]
[2022-06-02T12:08:24.997Z] > git for-each-ref --sort -committerdate --format %(refname) %(objectname) %(*objectname) [4ms]
[2022-06-02T12:08:24.997Z] > git remote --verbose [1ms]
[2022-06-02T12:08:25.009Z] > git config --get commit.template [1ms]
[2022-06-02T12:08:30.067Z] > git symbolic-ref --short HEAD [1ms]
[2022-06-02T12:08:30.072Z] > git for-each-ref --format=%(refname)%00%(upstream:short)%00%(objectname)%00%(upstream:track) refs/heads/master refs/remotes/master [2ms]
[2022-06-02T12:08:30.078Z] > git for-each-ref --sort -committerdate --format %(refname) %(objectname) %(*objectname) [3ms]
[2022-06-02T12:08:30.079Z] > git remote --verbose [1ms]
[2022-06-02T12:08:30.086Z] > git config --get commit.template [1ms]
[2022-06-02T12:09:09.840Z] > git symbolic-ref --short HEAD [1ms]
[2022-06-02T12:09:09.845Z] > git for-each-ref --format=%(refname)%00%(upstream:short)%00%(objectname)%00%(upstream:track) refs/heads/master refs/remotes/master [2ms]
[2022-06-02T12:09:09.851Z] > git for-each-ref --sort -committerdate --format %(refname) %(objectname) %(*objectname) [4ms]
[2022-06-02T12:09:09.851Z] > git remote --verbose [1ms]
[2022-06-02T12:09:09.860Z] > git config --get commit.template [1ms]
[2022-06-02T12:09:14.918Z] > git symbolic-ref --short HEAD [1ms]
[2022-06-02T12:09:14.923Z] > git for-each-ref --format=%(refname)%00%(upstream:short)%00%(objectname)%00%(upstream:track) refs/heads/master refs/remotes/master [1ms]
[2022-06-02T12:09:14.930Z] > git for-each-ref --sort -committerdate --format %(refname) %(objectname) %(*objectname) [4ms]
[2022-06-02T12:09:14.931Z] > git remote --verbose [2ms]
[2022-06-02T12:09:14.940Z] > git config --get commit.template [1ms]
[2022-06-02T12:09:19.997Z] > git symbolic-ref --short HEAD [1ms]
[2022-06-02T12:09:20.001Z] > git for-each-ref --format=%(refname)%00%(upstream:short)%00%(objectname)%00%(upstream:track) refs/heads/master refs/remotes/master [1ms]
[2022-06-02T12:09:20.008Z] > git for-each-ref --sort -committerdate --format %(refname) %(objectname) %(*objectname) [4ms]
[2022-06-02T12:09:20.009Z] > git remote --verbose [2ms]
[2022-06-02T12:09:20.017Z] > git config --get commit.template [1ms]
[2022-06-02T12:10:12.006Z] > git symbolic-ref --short HEAD [1ms]
[2022-06-02T12:10:12.012Z] > git for-each-ref --format=%(refname)%00%(upstream:short)%00%(objectname)%00%(upstream:track) refs/heads/master refs/remotes/master [1ms]
[2022-06-02T12:10:12.019Z] > git for-each-ref --sort -committerdate --format %(refname) %(objectname) %(*objectname) [3ms]
[2022-06-02T12:10:12.020Z] > git remote --verbose [1ms]
[2022-06-02T12:10:12.028Z] > git config --get commit.template [1ms]
[2022-06-02T12:10:17.086Z] > git symbolic-ref --short HEAD [1ms]
[2022-06-02T12:10:17.091Z] > git for-each-ref --format=%(refname)%00%(upstream:short)%00%(objectname)%00%(upstream:track) refs/heads/master refs/remotes/master [2ms]
[2022-06-02T12:10:17.098Z] > git for-each-ref --sort -committerdate --format %(refname) %(objectname) %(*objectname) [4ms]
[2022-06-02T12:10:17.098Z] > git remote --verbose [1ms]
[2022-06-02T12:10:17.106Z] > git config --get commit.template [0ms]
[2022-06-02T12:10:24.648Z] > git symbolic-ref --short HEAD [1ms]
[2022-06-02T12:10:24.653Z] > git for-each-ref --format=%(refname)%00%(upstream:short)%00%(objectname)%00%(upstream:track) refs/heads/master refs/remotes/master [1ms]
[2022-06-02T12:10:24.660Z] > git for-each-ref --sort -committerdate --format %(refname) %(objectname) %(*objectname) [4ms]
[2022-06-02T12:10:24.661Z] > git remote --verbose [2ms]
[2022-06-02T12:10:24.669Z] > git config --get commit.template [1ms]
[2022-06-02T12:19:24.561Z] > git symbolic-ref --short HEAD [1ms]
[2022-06-02T12:19:24.565Z] > git for-each-ref --format=%(refname)%00%(upstream:short)%00%(objectname)%00%(upstream:track) refs/heads/master refs/remotes/master [1ms]
[2022-06-02T12:19:24.573Z] > git for-each-ref --sort -committerdate --format %(refname) %(objectname) %(*objectname) [4ms]
[2022-06-02T12:19:24.573Z] > git remote --verbose [1ms]
[2022-06-02T12:19:24.581Z] > git config --get commit.template [1ms]
[2022-06-02T12:19:31.536Z] > git symbolic-ref --short HEAD [1ms]
[2022-06-02T12:19:31.540Z] > git for-each-ref --format=%(refname)%00%(upstream:short)%00%(objectname)%00%(upstream:track) refs/heads/master refs/remotes/master [1ms]
[2022-06-02T12:19:31.547Z] > git for-each-ref --sort -committerdate --format %(refname) %(objectname) %(*objectname) [4ms]
[2022-06-02T12:19:31.547Z] > git remote --verbose [1ms]
[2022-06-02T12:19:31.554Z] > git config --get commit.template [1ms]
[2022-06-02T12:19:36.612Z] > git symbolic-ref --short HEAD [1ms]
[2022-06-02T12:19:36.617Z] > git for-each-ref --format=%(refname)%00%(upstream:short)%00%(objectname)%00%(upstream:track) refs/heads/master refs/remotes/master [2ms]
[2022-06-02T12:19:36.623Z] > git for-each-ref --sort -committerdate --format %(refname) %(objectname) %(*objectname) [3ms]
[2022-06-02T12:19:36.624Z] > git remote --verbose [1ms]
[2022-06-02T12:19:36.632Z] > git config --get commit.template [1ms]
[2022-06-02T12:24:53.178Z] > git symbolic-ref --short HEAD [1ms]
[2022-06-02T12:24:53.182Z] > git for-each-ref --format=%(refname)%00%(upstream:short)%00%(objectname)%00%(upstream:track) refs/heads/master refs/remotes/master [1ms]
[2022-06-02T12:24:53.189Z] > git for-each-ref --sort -committerdate --format %(refname) %(objectname) %(*objectname) [3ms]
[2022-06-02T12:24:53.189Z] > git remote --verbose [1ms]
[2022-06-02T12:24:53.199Z] > git config --get commit.template [1ms]
[2022-06-02T12:27:08.068Z] > git symbolic-ref --short HEAD [1ms]
[2022-06-02T12:27:08.072Z] > git for-each-ref --format=%(refname)%00%(upstream:short)%00%(objectname)%00%(upstream:track) refs/heads/master refs/remotes/master [1ms]
[2022-06-02T12:27:08.078Z] > git for-each-ref --sort -committerdate --format %(refname) %(objectname) %(*objectname) [3ms]
[2022-06-02T12:27:08.079Z] > git remote --verbose [1ms]
[2022-06-02T12:27:08.087Z] > git config --get commit.template [1ms]
[2022-06-02T12:27:16.485Z] > git symbolic-ref --short HEAD [1ms]
[2022-06-02T12:27:16.489Z] > git for-each-ref --format=%(refname)%00%(upstream:short)%00%(objectname)%00%(upstream:track) refs/heads/master refs/remotes/master [1ms]
[2022-06-02T12:27:16.496Z] > git for-each-ref --sort -committerdate --format %(refname) %(objectname) %(*objectname) [4ms]
[2022-06-02T12:27:16.496Z] > git remote --verbose [1ms]
[2022-06-02T12:27:16.504Z] > git config --get commit.template [0ms]
[2022-06-02T12:27:21.559Z] > git symbolic-ref --short HEAD [1ms]
[2022-06-02T12:27:21.563Z] > git for-each-ref --format=%(refname)%00%(upstream:short)%00%(objectname)%00%(upstream:track) refs/heads/master refs/remotes/master [1ms]
[2022-06-02T12:27:21.570Z] > git for-each-ref --sort -committerdate --format %(refname) %(objectname) %(*objectname) [4ms]
[2022-06-02T12:27:21.570Z] > git remote --verbose [1ms]
[2022-06-02T12:27:21.578Z] > git config --get commit.template [1ms]
[2022-06-02T12:30:16.914Z] > git symbolic-ref --short HEAD [1ms]
[2022-06-02T12:30:16.918Z] > git for-each-ref --format=%(refname)%00%(upstream:short)%00%(objectname)%00%(upstream:track) refs/heads/master refs/remotes/master [1ms]
[2022-06-02T12:30:16.925Z] > git for-each-ref --sort -committerdate --format %(refname) %(objectname) %(*objectname) [3ms]
[2022-06-02T12:30:16.926Z] > git remote --verbose [1ms]
[2022-06-02T12:30:16.935Z] > git config --get commit.template [1ms]
[2022-06-02T12:30:21.985Z] > git symbolic-ref --short HEAD [1ms]
[2022-06-02T12:30:21.988Z] > git for-each-ref --format=%(refname)%00%(upstream:short)%00%(objectname)%00%(upstream:track) refs/heads/master refs/remotes/master [1ms]
[2022-06-02T12:30:21.993Z] > git for-each-ref --sort -committerdate --format %(refname) %(objectname) %(*objectname) [3ms]
[2022-06-02T12:30:21.993Z] > git remote --verbose [1ms]
[2022-06-02T12:30:22.000Z] > git config --get commit.template [1ms]
[2022-06-02T12:30:27.058Z] > git symbolic-ref --short HEAD [1ms]
[2022-06-02T12:30:27.063Z] > git for-each-ref --format=%(refname)%00%(upstream:short)%00%(objectname)%00%(upstream:track) refs/heads/master refs/remotes/master [2ms]
[2022-06-02T12:30:27.071Z] > git for-each-ref --sort -committerdate --format %(refname) %(objectname) %(*objectname) [5ms]
[2022-06-02T12:30:27.071Z] > git remote --verbose [2ms]
[2022-06-02T12:30:27.079Z] > git config --get commit.template [2ms]
[2022-06-02T12:38:01.384Z] > git symbolic-ref --short HEAD [2ms]
[2022-06-02T12:38:01.388Z] > git for-each-ref --format=%(refname)%00%(upstream:short)%00%(objectname)%00%(upstream:track) refs/heads/master refs/remotes/master [2ms]
[2022-06-02T12:38:01.394Z] > git for-each-ref --sort -committerdate --format %(refname) %(objectname) %(*objectname) [4ms]
[2022-06-02T12:38:01.394Z] > git remote --verbose [1ms]
[2022-06-02T12:38:01.408Z] > git config --get commit.template [1ms]
[2022-06-02T12:38:12.213Z] > git symbolic-ref --short HEAD [1ms]
[2022-06-02T12:38:12.218Z] > git for-each-ref --format=%(refname)%00%(upstream:short)%00%(objectname)%00%(upstream:track) refs/heads/master refs/remotes/master [1ms]
[2022-06-02T12:38:12.225Z] > git for-each-ref --sort -committerdate --format %(refname) %(objectname) %(*objectname) [4ms]
[2022-06-02T12:38:12.225Z] > git remote --verbose [1ms]
[2022-06-02T12:38:12.234Z] > git config --get commit.template [1ms]
[2022-06-02T12:38:17.291Z] > git symbolic-ref --short HEAD [0ms]
[2022-06-02T12:38:17.295Z] > git for-each-ref --format=%(refname)%00%(upstream:short)%00%(objectname)%00%(upstream:track) refs/heads/master refs/remotes/master [1ms]
[2022-06-02T12:38:17.301Z] > git for-each-ref --sort -committerdate --format %(refname) %(objectname) %(*objectname) [4ms]
[2022-06-02T12:38:17.302Z] > git remote --verbose [2ms]
[2022-06-02T12:38:17.309Z] > git config --get commit.template [1ms]
[2022-06-02T12:38:32.336Z] > git symbolic-ref --short HEAD [1ms]
[2022-06-02T12:38:32.340Z] > git for-each-ref --format=%(refname)%00%(upstream:short)%00%(objectname)%00%(upstream:track) refs/heads/master refs/remotes/master [1ms]
[2022-06-02T12:38:32.349Z] > git for-each-ref --sort -committerdate --format %(refname) %(objectname) %(*objectname) [4ms]
[2022-06-02T12:38:32.349Z] > git remote --verbose [1ms]
[2022-06-02T12:38:32.357Z] > git config --get commit.template [1ms]
[2022-06-02T12:38:39.196Z] > git symbolic-ref --short HEAD [1ms]
[2022-06-02T12:38:39.201Z] > git for-each-ref --format=%(refname)%00%(upstream:short)%00%(objectname)%00%(upstream:track) refs/heads/master refs/remotes/master [2ms]
[2022-06-02T12:38:39.208Z] > git for-each-ref --sort -committerdate --format %(refname) %(objectname) %(*objectname) [4ms]
[2022-06-02T12:38:39.209Z] > git remote --verbose [2ms]
[2022-06-02T12:38:39.217Z] > git config --get commit.template [1ms]
[2022-06-02T12:38:44.275Z] > git symbolic-ref --short HEAD [1ms]
[2022-06-02T12:38:44.280Z] > git for-each-ref --format=%(refname)%00%(upstream:short)%00%(objectname)%00%(upstream:track) refs/heads/master refs/remotes/master [2ms]
[2022-06-02T12:38:44.287Z] > git for-each-ref --sort -committerdate --format %(refname) %(objectname) %(*objectname) [4ms]
[2022-06-02T12:38:44.287Z] > git remote --verbose [1ms]
[2022-06-02T12:38:44.296Z] > git config --get commit.template [1ms]
[2022-06-02T12:38:49.353Z] > git symbolic-ref --short HEAD [1ms]
[2022-06-02T12:38:49.358Z] > git for-each-ref --format=%(refname)%00%(upstream:short)%00%(objectname)%00%(upstream:track) refs/heads/master refs/remotes/master [2ms]
[2022-06-02T12:38:49.364Z] > git for-each-ref --sort -committerdate --format %(refname) %(objectname) %(*objectname) [3ms]
[2022-06-02T12:38:49.365Z] > git remote --verbose [2ms]
[2022-06-02T12:38:49.373Z] > git config --get commit.template [1ms]
[2022-06-02T12:38:54.430Z] > git symbolic-ref --short HEAD [1ms]
[2022-06-02T12:38:54.435Z] > git for-each-ref --format=%(refname)%00%(upstream:short)%00%(objectname)%00%(upstream:track) refs/heads/master refs/remotes/master [2ms]
[2022-06-02T12:38:54.442Z] > git for-each-ref --sort -committerdate --format %(refname) %(objectname) %(*objectname) [4ms]
[2022-06-02T12:38:54.442Z] > git remote --verbose [1ms]
[2022-06-02T12:38:54.450Z] > git config --get commit.template [1ms]
[2022-06-02T12:48:48.795Z] > git symbolic-ref --short HEAD [1ms]
[2022-06-02T12:48:48.801Z] > git for-each-ref --format=%(refname)%00%(upstream:short)%00%(objectname)%00%(upstream:track) refs/heads/master refs/remotes/master [2ms]
[2022-06-02T12:48:48.808Z] > git for-each-ref --sort -committerdate --format %(refname) %(objectname) %(*objectname) [3ms]
[2022-06-02T12:48:48.809Z] > git remote --verbose [1ms]
[2022-06-02T12:48:48.819Z] > git config --get commit.template [2ms]
[2022-06-02T12:48:53.875Z] > git symbolic-ref --short HEAD [1ms]
[2022-06-02T12:48:53.879Z] > git for-each-ref --format=%(refname)%00%(upstream:short)%00%(objectname)%00%(upstream:track) refs/heads/master refs/remotes/master [1ms]
[2022-06-02T12:48:53.886Z] > git for-each-ref --sort -committerdate --format %(refname) %(objectname) %(*objectname) [4ms]
[2022-06-02T12:48:53.886Z] > git remote --verbose [1ms]
[2022-06-02T12:48:53.894Z] > git config --get commit.template [1ms]
[2022-06-02T12:49:22.640Z] > git symbolic-ref --short HEAD [1ms]
[2022-06-02T12:49:22.644Z] > git for-each-ref --format=%(refname)%00%(upstream:short)%00%(objectname)%00%(upstream:track) refs/heads/master refs/remotes/master [1ms]
[2022-06-02T12:49:22.652Z] > git for-each-ref --sort -committerdate --format %(refname) %(objectname) %(*objectname) [4ms]
[2022-06-02T12:49:22.652Z] > git remote --verbose [1ms]
[2022-06-02T12:49:22.660Z] > git config --get commit.template [1ms]
[2022-06-02T12:49:27.718Z] > git symbolic-ref --short HEAD [1ms]
[2022-06-02T12:49:27.723Z] > git for-each-ref --format=%(refname)%00%(upstream:short)%00%(objectname)%00%(upstream:track) refs/heads/master refs/remotes/master [2ms]
[2022-06-02T12:49:27.731Z] > git remote --verbose [1ms]
[2022-06-02T12:49:27.732Z] > git for-each-ref --sort -committerdate --format %(refname) %(objectname) %(*objectname) [6ms]
[2022-06-02T12:49:27.739Z] > git config --get commit.template [0ms]
[2022-06-02T12:49:43.956Z] > git symbolic-ref --short HEAD [1ms]
[2022-06-02T12:49:43.960Z] > git for-each-ref --format=%(refname)%00%(upstream:short)%00%(objectname)%00%(upstream:track) refs/heads/master refs/remotes/master [1ms]
[2022-06-02T12:49:43.969Z] > git for-each-ref --sort -committerdate --format %(refname) %(objectname) %(*objectname) [5ms]
[2022-06-02T12:49:43.969Z] > git remote --verbose [1ms]
[2022-06-02T12:49:43.978Z] > git config --get commit.template [1ms]
[2022-06-02T12:49:49.565Z] > git symbolic-ref --short HEAD [1ms]
[2022-06-02T12:49:49.570Z] > git for-each-ref --format=%(refname)%00%(upstream:short)%00%(objectname)%00%(upstream:track) refs/heads/master refs/remotes/master [1ms]
[2022-06-02T12:49:49.577Z] > git for-each-ref --sort -committerdate --format %(refname) %(objectname) %(*objectname) [3ms]
[2022-06-02T12:49:49.577Z] > git remote --verbose [1ms]
[2022-06-02T12:49:49.587Z] > git config --get commit.template [1ms]
[2022-06-02T12:49:54.642Z] > git symbolic-ref --short HEAD [1ms]
[2022-06-02T12:49:54.646Z] > git for-each-ref --format=%(refname)%00%(upstream:short)%00%(objectname)%00%(upstream:track) refs/heads/master refs/remotes/master [1ms]
[2022-06-02T12:49:54.651Z] > git for-each-ref --sort -committerdate --format %(refname) %(objectname) %(*objectname) [3ms]
[2022-06-02T12:49:54.652Z] > git remote --verbose [1ms]
[2022-06-02T12:49:54.659Z] > git config --get commit.template [1ms]
[2022-06-02T12:53:11.700Z] > git symbolic-ref --short HEAD [1ms]
[2022-06-02T12:53:11.704Z] > git for-each-ref --format=%(refname)%00%(upstream:short)%00%(objectname)%00%(upstream:track) refs/heads/master refs/remotes/master [1ms]
[2022-06-02T12:53:11.711Z] > git for-each-ref --sort -committerdate --format %(refname) %(objectname) %(*objectname) [4ms]
[2022-06-02T12:53:11.712Z] > git remote --verbose [2ms]
[2022-06-02T12:53:11.722Z] > git config --get commit.template [3ms]
[2022-06-02T12:53:17.442Z] > git symbolic-ref --short HEAD [0ms]
[2022-06-02T12:53:17.446Z] > git for-each-ref --format=%(refname)%00%(upstream:short)%00%(objectname)%00%(upstream:track) refs/heads/master refs/remotes/master [1ms]
[2022-06-02T12:53:17.453Z] > git for-each-ref --sort -committerdate --format %(refname) %(objectname) %(*objectname) [4ms]
[2022-06-02T12:53:17.454Z] > git remote --verbose [1ms]
[2022-06-02T12:53:17.462Z] > git config --get commit.template [1ms]
[2022-06-02T12:53:22.535Z] > git symbolic-ref --short HEAD [1ms]
[2022-06-02T12:53:22.539Z] > git for-each-ref --format=%(refname)%00%(upstream:short)%00%(objectname)%00%(upstream:track) refs/heads/master refs/remotes/master [1ms]
[2022-06-02T12:53:22.547Z] > git for-each-ref --sort -committerdate --format %(refname) %(objectname) %(*objectname) [4ms]
[2022-06-02T12:53:22.548Z] > git remote --verbose [2ms]
[2022-06-02T12:53:22.555Z] > git config --get commit.template [1ms]
[2022-06-02T12:53:27.615Z] > git symbolic-ref --short HEAD [2ms]
[2022-06-02T12:53:27.621Z] > git for-each-ref --format=%(refname)%00%(upstream:short)%00%(objectname)%00%(upstream:track) refs/heads/master refs/remotes/master [2ms]
[2022-06-02T12:53:27.631Z] > git for-each-ref --sort -committerdate --format %(refname) %(objectname) %(*objectname) [7ms]
[2022-06-02T12:53:27.631Z] > git remote --verbose [1ms]
[2022-06-02T12:53:27.638Z] > git config --get commit.template [1ms]
[2022-06-02T12:54:11.517Z] > git symbolic-ref --short HEAD [1ms]
[2022-06-02T12:54:11.521Z] > git for-each-ref --format=%(refname)%00%(upstream:short)%00%(objectname)%00%(upstream:track) refs/heads/master refs/remotes/master [1ms]
[2022-06-02T12:54:11.527Z] > git for-each-ref --sort -committerdate --format %(refname) %(objectname) %(*objectname) [3ms]
[2022-06-02T12:54:11.528Z] > git remote --verbose [1ms]
[2022-06-02T12:54:11.537Z] > git config --get commit.template [2ms]
[2022-06-02T12:58:25.960Z] > git symbolic-ref --short HEAD [1ms]
[2022-06-02T12:58:25.964Z] > git for-each-ref --format=%(refname)%00%(upstream:short)%00%(objectname)%00%(upstream:track) refs/heads/master refs/remotes/master [1ms]
[2022-06-02T12:58:25.972Z] > git for-each-ref --sort -committerdate --format %(refname) %(objectname) %(*objectname) [4ms]
[2022-06-02T12:58:25.973Z] > git remote --verbose [2ms]
[2022-06-02T12:58:25.981Z] > git config --get commit.template [1ms]
[2022-06-02T12:58:31.030Z] > git symbolic-ref --short HEAD [1ms]
[2022-06-02T12:58:31.033Z] > git for-each-ref --format=%(refname)%00%(upstream:short)%00%(objectname)%00%(upstream:track) refs/heads/master refs/remotes/master [1ms]
[2022-06-02T12:58:31.039Z] > git for-each-ref --sort -committerdate --format %(refname) %(objectname) %(*objectname) [3ms]
[2022-06-02T12:58:31.039Z] > git remote --verbose [1ms]
[2022-06-02T12:58:31.046Z] > git config --get commit.template [1ms]
[2022-06-02T12:58:44.781Z] > git symbolic-ref --short HEAD [2ms]
[2022-06-02T12:58:44.786Z] > git for-each-ref --format=%(refname)%00%(upstream:short)%00%(objectname)%00%(upstream:track) refs/heads/master refs/remotes/master [2ms]
[2022-06-02T12:58:44.792Z] > git for-each-ref --sort -committerdate --format %(refname) %(objectname) %(*objectname) [3ms]
[2022-06-02T12:58:44.793Z] > git remote --verbose [2ms]
[2022-06-02T12:58:44.801Z] > git config --get commit.template [1ms]
[2022-06-02T12:58:50.929Z] > git symbolic-ref --short HEAD [1ms]
[2022-06-02T12:58:50.934Z] > git for-each-ref --format=%(refname)%00%(upstream:short)%00%(objectname)%00%(upstream:track) refs/heads/master refs/remotes/master [2ms]
[2022-06-02T12:58:50.941Z] > git for-each-ref --sort -committerdate --format %(refname) %(objectname) %(*objectname) [3ms]
[2022-06-02T12:58:50.942Z] > git remote --verbose [2ms]
[2022-06-02T12:58:50.949Z] > git config --get commit.template [1ms]
[2022-06-02T12:59:19.844Z] > git symbolic-ref --short HEAD [1ms]
[2022-06-02T12:59:19.848Z] > git for-each-ref --format=%(refname)%00%(upstream:short)%00%(objectname)%00%(upstream:track) refs/heads/master refs/remotes/master [1ms]
[2022-06-02T12:59:19.854Z] > git for-each-ref --sort -committerdate --format %(refname) %(objectname) %(*objectname) [3ms]
[2022-06-02T12:59:19.855Z] > git remote --verbose [2ms]
[2022-06-02T12:59:19.862Z] > git config --get commit.template [1ms]
[2022-06-02T12:59:27.751Z] > git symbolic-ref --short HEAD [1ms]
[2022-06-02T12:59:27.756Z] > git for-each-ref --format=%(refname)%00%(upstream:short)%00%(objectname)%00%(upstream:track) refs/heads/master refs/remotes/master [1ms]
[2022-06-02T12:59:27.764Z] > git for-each-ref --sort -committerdate --format %(refname) %(objectname) %(*objectname) [5ms]
[2022-06-02T12:59:27.764Z] > git remote --verbose [1ms]
[2022-06-02T12:59:27.773Z] > git config --get commit.template [1ms]
[2022-06-02T12:59:32.830Z] > git symbolic-ref --short HEAD [1ms]
[2022-06-02T12:59:32.835Z] > git for-each-ref --format=%(refname)%00%(upstream:short)%00%(objectname)%00%(upstream:track) refs/heads/master refs/remotes/master [1ms]
[2022-06-02T12:59:32.844Z] > git for-each-ref --sort -committerdate --format %(refname) %(objectname) %(*objectname) [5ms]
[2022-06-02T12:59:32.844Z] > git remote --verbose [1ms]
[2022-06-02T12:59:32.853Z] > git config --get commit.template [1ms]
[2022-06-02T12:59:59.408Z] > git symbolic-ref --short HEAD [1ms]
[2022-06-02T12:59:59.413Z] > git for-each-ref --format=%(refname)%00%(upstream:short)%00%(objectname)%00%(upstream:track) refs/heads/master refs/remotes/master [2ms]
[2022-06-02T12:59:59.421Z] > git for-each-ref --sort -committerdate --format %(refname) %(objectname) %(*objectname) [5ms]
[2022-06-02T12:59:59.421Z] > git remote --verbose [1ms]
[2022-06-02T12:59:59.429Z] > git config --get commit.template [1ms]
[2022-06-02T13:00:31.797Z] > git symbolic-ref --short HEAD [1ms]
[2022-06-02T13:00:31.801Z] > git for-each-ref --format=%(refname)%00%(upstream:short)%00%(objectname)%00%(upstream:track) refs/heads/master refs/remotes/master [1ms]
[2022-06-02T13:00:31.808Z] > git for-each-ref --sort -committerdate --format %(refname) %(objectname) %(*objectname) [4ms]
[2022-06-02T13:00:31.808Z] > git remote --verbose [1ms]
[2022-06-02T13:00:31.816Z] > git config --get commit.template [1ms]
[2022-06-02T13:00:36.871Z] > git symbolic-ref --short HEAD [1ms]
[2022-06-02T13:00:36.875Z] > git for-each-ref --format=%(refname)%00%(upstream:short)%00%(objectname)%00%(upstream:track) refs/heads/master refs/remotes/master [1ms]
[2022-06-02T13:00:36.883Z] > git for-each-ref --sort -committerdate --format %(refname) %(objectname) %(*objectname) [4ms]
[2022-06-02T13:00:36.883Z] > git remote --verbose [1ms]
[2022-06-02T13:00:36.891Z] > git config --get commit.template [0ms]
[2022-06-02T13:18:01.587Z] > git symbolic-ref --short HEAD [1ms]
[2022-06-02T13:18:01.592Z] > git for-each-ref --format=%(refname)%00%(upstream:short)%00%(objectname)%00%(upstream:track) refs/heads/master refs/remotes/master [0ms]
[2022-06-02T13:18:01.604Z] > git remote --verbose [1ms]
[2022-06-02T13:18:01.604Z] > git for-each-ref --sort -committerdate --format %(refname) %(objectname) %(*objectname) [5ms]
[2022-06-02T13:18:01.611Z] > git config --get commit.template [1ms]
[2022-06-02T13:18:11.030Z] > git symbolic-ref --short HEAD [1ms]
[2022-06-02T13:18:11.034Z] > git for-each-ref --format=%(refname)%00%(upstream:short)%00%(objectname)%00%(upstream:track) refs/heads/master refs/remotes/master [1ms]
[2022-06-02T13:18:11.042Z] > git for-each-ref --sort -committerdate --format %(refname) %(objectname) %(*objectname) [4ms]
[2022-06-02T13:18:11.042Z] > git remote --verbose [1ms]
[2022-06-02T13:18:11.051Z] > git config --get commit.template [2ms]
[2022-06-02T13:35:52.470Z] > git ls-files --stage -- /home/labredes/Documentos/Tutorial3/buildroot/custom-scripts/threadrunner/thread_runner.c [3ms]
[2022-06-02T13:35:52.474Z] > git cat-file -s f06876a495c0cabaa5ccbe3603585cd87ac1c64f [1ms]
[2022-06-02T13:35:52.485Z] > git symbolic-ref --short HEAD [1ms]
[2022-06-02T13:35:52.489Z] > git for-each-ref --format=%(refname)%00%(upstream:short)%00%(objectname)%00%(upstream:track) refs/heads/master refs/remotes/master [1ms]
[2022-06-02T13:35:52.496Z] > git for-each-ref --sort -committerdate --format %(refname) %(objectname) %(*objectname) [5ms]
[2022-06-02T13:35:52.496Z] > git remote --verbose [1ms]
[2022-06-02T13:35:52.503Z] > git config --get commit.template [1ms]
[2022-06-02T13:35:57.560Z] > git symbolic-ref --short HEAD [1ms]
[2022-06-02T13:35:57.564Z] > git for-each-ref --format=%(refname)%00%(upstream:short)%00%(objectname)%00%(upstream:track) refs/heads/master refs/remotes/master [1ms]
[2022-06-02T13:35:57.571Z] > git for-each-ref --sort -committerdate --format %(refname) %(objectname) %(*objectname) [4ms]
[2022-06-02T13:35:57.571Z] > git remote --verbose [1ms]
[2022-06-02T13:35:57.577Z] > git config --get commit.template [1ms]
[2022-06-02T13:52:30.433Z] > git symbolic-ref --short HEAD [1ms]
[2022-06-02T13:52:30.437Z] > git for-each-ref --format=%(refname)%00%(upstream:short)%00%(objectname)%00%(upstream:track) refs/heads/master refs/remotes/master [1ms]
[2022-06-02T13:52:30.445Z] > git for-each-ref --sort -committerdate --format %(refname) %(objectname) %(*objectname) [5ms]
[2022-06-02T13:52:30.445Z] > git remote --verbose [2ms]
[2022-06-02T13:52:30.451Z] > git config --get commit.template [1ms]
[2022-06-02T13:52:40.343Z] > git symbolic-ref --short HEAD [1ms]
[2022-06-02T13:52:40.347Z] > git for-each-ref --format=%(refname)%00%(upstream:short)%00%(objectname)%00%(upstream:track) refs/heads/master refs/remotes/master [1ms]
[2022-06-02T13:52:40.354Z] > git for-each-ref --sort -committerdate --format %(refname) %(objectname) %(*objectname) [4ms]
[2022-06-02T13:52:40.354Z] > git remote --verbose [1ms]
[2022-06-02T13:52:40.360Z] > git config --get commit.template [1ms]
[2022-06-02T13:53:15.654Z] > git symbolic-ref --short HEAD [2ms]
[2022-06-02T13:53:15.658Z] > git for-each-ref --format=%(refname)%00%(upstream:short)%00%(objectname)%00%(upstream:track) refs/heads/master refs/remotes/master [1ms]
[2022-06-02T13:53:15.666Z] > git remote --verbose [2ms]
[2022-06-02T13:53:15.666Z] > git for-each-ref --sort -committerdate --format %(refname) %(objectname) %(*objectname) [5ms]
[2022-06-02T13:53:15.672Z] > git config --get commit.template [1ms]
[2022-06-02T13:54:21.514Z] > git symbolic-ref --short HEAD [1ms]
[2022-06-02T13:54:21.518Z] > git for-each-ref --format=%(refname)%00%(upstream:short)%00%(objectname)%00%(upstream:track) refs/heads/master refs/remotes/master [1ms]
[2022-06-02T13:54:21.525Z] > git for-each-ref --sort -committerdate --format %(refname) %(objectname) %(*objectname) [4ms]
[2022-06-02T13:54:21.526Z] > git remote --verbose [2ms]
[2022-06-02T13:54:21.532Z] > git config --get commit.template [2ms]
[2022-06-02T13:54:26.592Z] > git symbolic-ref --short HEAD [1ms]
[2022-06-02T13:54:26.597Z] > git for-each-ref --format=%(refname)%00%(upstream:short)%00%(objectname)%00%(upstream:track) refs/heads/master refs/remotes/master [2ms]
[2022-06-02T13:54:26.604Z] > git for-each-ref --sort -committerdate --format %(refname) %(objectname) %(*objectname) [4ms]
[2022-06-02T13:54:26.605Z] > git remote --verbose [2ms]
[2022-06-02T13:54:26.611Z] > git config --get commit.template [1ms]
[2022-06-02T13:54:31.670Z] > git symbolic-ref --short HEAD [1ms]
[2022-06-02T13:54:31.675Z] > git for-each-ref --format=%(refname)%00%(upstream:short)%00%(objectname)%00%(upstream:track) refs/heads/master refs/remotes/master [1ms]
[2022-06-02T13:54:31.683Z] > git for-each-ref --sort -committerdate --format %(refname) %(objectname) %(*objectname) [4ms]
[2022-06-02T13:54:31.683Z] > git remote --verbose [1ms]
[2022-06-02T13:54:31.689Z] > git config --get commit.template [1ms]
[2022-06-02T13:58:58.089Z] > git symbolic-ref --short HEAD [1ms]
[2022-06-02T13:58:58.094Z] > git for-each-ref --format=%(refname)%00%(upstream:short)%00%(objectname)%00%(upstream:track) refs/heads/master refs/remotes/master [1ms]
[2022-06-02T13:58:58.102Z] > git for-each-ref --sort -committerdate --format %(refname) %(objectname) %(*objectname) [5ms]
[2022-06-02T13:58:58.102Z] > git remote --verbose [1ms]
[2022-06-02T13:58:58.108Z] > git config --get commit.template [1ms]
[2022-06-02T13:59:03.167Z] > git symbolic-ref --short HEAD [1ms]
[2022-06-02T13:59:03.171Z] > git for-each-ref --format=%(refname)%00%(upstream:short)%00%(objectname)%00%(upstream:track) refs/heads/master refs/remotes/master [1ms]
[2022-06-02T13:59:03.179Z] > git for-each-ref --sort -committerdate --format %(refname) %(objectname) %(*objectname) [4ms]
[2022-06-02T13:59:03.179Z] > git remote --verbose [1ms]
[2022-06-02T13:59:03.184Z] > git config --get commit.template [1ms]
[2022-06-02T14:00:56.020Z] > git symbolic-ref --short HEAD [1ms]
[2022-06-02T14:00:56.024Z] > git for-each-ref --format=%(refname)%00%(upstream:short)%00%(objectname)%00%(upstream:track) refs/heads/master refs/remotes/master [1ms]
[2022-06-02T14:00:56.031Z] > git for-each-ref --sort -committerdate --format %(refname) %(objectname) %(*objectname) [3ms]
[2022-06-02T14:00:56.032Z] > git remote --verbose [1ms]
[2022-06-02T14:00:56.037Z] > git config --get commit.template [1ms]
[2022-06-02T14:01:01.092Z] > git symbolic-ref --short HEAD [1ms]
[2022-06-02T14:01:01.096Z] > git for-each-ref --format=%(refname)%00%(upstream:short)%00%(objectname)%00%(upstream:track) refs/heads/master refs/remotes/master [1ms]
[2022-06-02T14:01:01.103Z] > git for-each-ref --sort -committerdate --format %(refname) %(objectname) %(*objectname) [4ms]
[2022-06-02T14:01:01.103Z] > git remote --verbose [2ms]
[2022-06-02T14:01:01.108Z] > git config --get commit.template [1ms]
[2022-06-02T14:01:06.167Z] > git symbolic-ref --short HEAD [1ms]
[2022-06-02T14:01:06.172Z] > git for-each-ref --format=%(refname)%00%(upstream:short)%00%(objectname)%00%(upstream:track) refs/heads/master refs/remotes/master [2ms]
[2022-06-02T14:01:06.180Z] > git for-each-ref --sort -committerdate --format %(refname) %(objectname) %(*objectname) [5ms]
[2022-06-02T14:01:06.180Z] > git remote --verbose [2ms]
[2022-06-02T14:01:06.186Z] > git config --get commit.template [1ms]
[2022-06-02T14:01:17.666Z] > git symbolic-ref --short HEAD [1ms]
[2022-06-02T14:01:17.670Z] > git for-each-ref --format=%(refname)%00%(upstream:short)%00%(objectname)%00%(upstream:track) refs/heads/master refs/remotes/master [2ms]
[2022-06-02T14:01:17.677Z] > git for-each-ref --sort -committerdate --format %(refname) %(objectname) %(*objectname) [4ms]
[2022-06-02T14:01:17.678Z] > git remote --verbose [2ms]
[2022-06-02T14:01:17.683Z] > git config --get commit.template [1ms]
[2022-06-02T14:01:22.742Z] > git symbolic-ref --short HEAD [1ms]
[2022-06-02T14:01:22.747Z] > git for-each-ref --format=%(refname)%00%(upstream:short)%00%(objectname)%00%(upstream:track) refs/heads/master refs/remotes/master [2ms]
[2022-06-02T14:01:22.754Z] > git for-each-ref --sort -committerdate --format %(refname) %(objectname) %(*objectname) [4ms]
[2022-06-02T14:01:22.754Z] > git remote --verbose [1ms]
[2022-06-02T14:01:22.762Z] > git config --get commit.template [3ms]
